2022-03-22 22:34:21 info: [0mGET / [32m200[0m 2.139 ms - 2[0m
2022-03-22 22:34:21 info: [0mPOST /api/auth/signUp [32m200[0m 155.308 ms - 268[0m
2022-03-22 22:34:21 info: [0mGET / [32m200[0m 0.275 ms - 2[0m
2022-03-22 22:34:21 error: [POST] /api/auth/signUp >> StatusCode:: 400, Message:: email must be an email
2022-03-22 22:34:21 info: [0mPOST /api/auth/signUp [33m400[0m 2.462 ms - 50[0m
2022-03-22 22:34:21 info: [0mGET / [32m200[0m 0.300 ms - 2[0m
2022-03-22 22:34:21 info: [0mPOST /api/auth/signIn [32m200[0m 95.997 ms - 227[0m
2022-03-22 22:38:10 info: [0mGET / [32m200[0m 2.021 ms - 2[0m
2022-03-22 22:38:10 info: [0mPOST /api/auth/signUp [32m200[0m 139.988 ms - 265[0m
2022-03-22 22:38:10 info: [0mGET / [32m200[0m 0.273 ms - 2[0m
2022-03-22 22:38:10 error: POST /api/auth/signUp >> StatusCode:: 400, Message:: email must be an email
2022-03-22 22:38:10 info: [0mPOST /api/auth/signUp [33m400[0m 2.037 ms - 50[0m
2022-03-22 22:38:10 info: [0mGET / [32m200[0m 0.219 ms - 2[0m
2022-03-22 22:38:10 info: [0mPOST /api/auth/signIn [32m200[0m 85.244 ms - 227[0m
2022-03-22 22:39:43 info: [0mGET / [32m200[0m 2.196 ms - 2[0m
2022-03-22 22:39:43 info: [0mPOST /api/auth/signUp [32m200[0m 149.264 ms - 265[0m
2022-03-22 22:39:43 info: [0mGET / [32m200[0m 0.265 ms - 2[0m
2022-03-22 22:39:43 error: POST /api/auth/signUp >> StatusCode:: 400, Message:: email must be an email
2022-03-22 22:39:43 info: [0mPOST /api/auth/signUp [33m400[0m 3.302 ms - 50[0m
2022-03-22 22:39:43 info: [0mGET / [32m200[0m 0.204 ms - 2[0m
2022-03-22 22:39:44 info: [0mPOST /api/auth/signIn [32m200[0m 85.351 ms - 231[0m
2022-03-22 22:40:46 info: [0mGET / [32m200[0m 2.146 ms - 2[0m
2022-03-22 22:40:46 info: [0mPOST /api/auth/signUp [32m200[0m 148.065 ms - 262[0m
2022-03-22 22:40:46 info: [0mGET / [32m200[0m 0.252 ms - 2[0m
2022-03-22 22:40:46 error: POST /api/auth/signUp >> StatusCode:: 400, Message:: email must be an email
2022-03-22 22:40:46 info: [0mPOST /api/auth/signUp [33m400[0m 1.717 ms - 50[0m
2022-03-22 22:40:46 info: [0mGET / [32m200[0m 0.198 ms - 2[0m
2022-03-22 22:40:47 info: [0mPOST /api/auth/signIn [32m200[0m 85.564 ms - 233[0m
2022-03-22 22:42:28 info: [0mGET / [32m200[0m 2.176 ms - 2[0m
2022-03-22 22:42:29 info: [0mPOST /api/auth/signUp [32m200[0m 139.600 ms - 255[0m
2022-03-22 22:42:29 info: [0mGET / [32m200[0m 0.226 ms - 2[0m
2022-03-22 22:42:29 error: POST /api/auth/signUp >> StatusCode:: 400, Message:: email must be an email
2022-03-22 22:42:29 info: [0mPOST /api/auth/signUp [33m400[0m 1.783 ms - 50[0m
2022-03-22 22:42:29 info: [0mGET / [32m200[0m 0.235 ms - 2[0m
2022-03-22 22:42:29 info: [0mPOST /api/auth/signIn [32m200[0m 85.985 ms - 235[0m
2022-03-22 22:44:17 info: [0mGET / [32m200[0m 2.045 ms - 2[0m
2022-03-22 22:44:17 info: [0mPOST /api/auth/signUp [32m200[0m 138.571 ms - 259[0m
2022-03-22 22:44:17 info: [0mGET / [32m200[0m 0.250 ms - 2[0m
2022-03-22 22:44:17 error: POST /api/auth/signUp >> StatusCode:: 400, Message:: email must be an email
2022-03-22 22:44:17 info: [0mPOST /api/auth/signUp [33m400[0m 1.883 ms - 50[0m
2022-03-22 22:44:17 info: [0mGET / [32m200[0m 0.212 ms - 2[0m
2022-03-22 22:44:17 error: POST /api/auth/signUp >> StatusCode:: 400, Message:: password must be a string,password must be longer than or equal to 8 characters
2022-03-22 22:44:17 info: [0mPOST /api/auth/signUp [33m400[0m 2.767 ms - 107[0m
2022-03-22 22:44:17 info: [0mGET / [32m200[0m 0.302 ms - 2[0m
2022-03-22 22:44:18 info: [0mPOST /api/auth/signIn [32m200[0m 85.166 ms - 228[0m
2022-03-22 22:45:14 info: [0mGET / [32m200[0m 2.157 ms - 2[0m
2022-03-22 22:45:14 info: [0mPOST /api/auth/signUp [32m200[0m 139.782 ms - 265[0m
2022-03-22 22:45:14 info: [0mGET / [32m200[0m 0.265 ms - 2[0m
2022-03-22 22:45:14 error: POST /api/auth/signUp >> StatusCode:: 400, Message:: email must be an email
2022-03-22 22:45:14 info: [0mPOST /api/auth/signUp [33m400[0m 1.888 ms - 50[0m
2022-03-22 22:45:14 info: [0mGET / [32m200[0m 0.212 ms - 2[0m
2022-03-22 22:45:14 error: POST /api/auth/signUp >> StatusCode:: 400, Message:: password must be a string,password must be longer than or equal to 8 characters
2022-03-22 22:45:14 info: [0mPOST /api/auth/signUp [33m400[0m 3.127 ms - 107[0m
2022-03-22 22:45:14 info: [0mGET / [32m200[0m 0.225 ms - 2[0m
2022-03-22 22:45:14 error: POST /api/auth/signUp >> StatusCode:: 400, Message:: nick must be a string
2022-03-22 22:45:14 info: [0mPOST /api/auth/signUp [33m400[0m 0.895 ms - 49[0m
2022-03-22 22:45:14 info: [0mGET / [32m200[0m 0.203 ms - 2[0m
2022-03-22 22:45:14 info: [0mPOST /api/auth/signIn [32m200[0m 96.779 ms - 229[0m
2022-03-22 22:46:28 info: [0mGET / [32m200[0m 2.272 ms - 2[0m
2022-03-22 22:46:28 info: [0mPOST /api/auth/signUp [32m200[0m 165.624 ms - 273[0m
2022-03-22 22:46:28 info: [0mGET / [32m200[0m 0.296 ms - 2[0m
2022-03-22 22:46:29 error: POST /api/auth/signUp >> StatusCode:: 400, Message:: email must be an email
2022-03-22 22:46:29 info: [0mPOST /api/auth/signUp [33m400[0m 2.056 ms - 50[0m
2022-03-22 22:46:29 info: [0mGET / [32m200[0m 0.274 ms - 2[0m
2022-03-22 22:46:29 error: POST /api/auth/signUp >> StatusCode:: 400, Message:: password must be a string,password must be longer than or equal to 8 characters
2022-03-22 22:46:29 info: [0mPOST /api/auth/signUp [33m400[0m 2.608 ms - 107[0m
2022-03-22 22:46:29 info: [0mGET / [32m200[0m 0.217 ms - 2[0m
2022-03-22 22:46:29 error: POST /api/auth/signUp >> StatusCode:: 400, Message:: nick must be a string
2022-03-22 22:46:29 info: [0mPOST /api/auth/signUp [33m400[0m 0.937 ms - 49[0m
2022-03-22 22:46:29 info: [0mGET / [32m200[0m 0.198 ms - 2[0m
2022-03-22 22:46:29 error: POST /api/auth/signUp >> StatusCode:: 400, Message:: email must be an email
2022-03-22 22:46:29 info: [0mPOST /api/auth/signUp [33m400[0m 1.240 ms - 50[0m
2022-03-22 22:46:29 info: [0mGET / [32m200[0m 0.185 ms - 2[0m
2022-03-22 22:46:29 info: [0mPOST /api/auth/signIn [32m200[0m 89.280 ms - 233[0m
